
2025-02-24 11:50:26.384867: Proof ./examples/relu_benchmark/lemmas/proof_reluBenchmark0.19238615036s_lemmas.json finished; status: OK


2025-02-24 11:50:26.384911: invalid check childreninvalid check childrenResult for ./examples/relu_benchmark/lemmas/proof_reluBenchmark0.19238615036s_lemmas.json: false


2025-02-24 11:50:26.384932: ==========

2025-02-24 11:50:26.830264: Proof ./examples/relu_benchmark/lemmas/proof_reluBenchmark0.05650806427s_lemmas.json finished; status: OK


2025-02-24 11:50:26.830294: Result for ./examples/relu_benchmark/lemmas/proof_reluBenchmark0.05650806427s_lemmas.json: true


2025-02-24 11:50:26.830340: ==========

2025-02-24 11:50:30.864095: Proof ./examples/relu_benchmark/lemmas/proof_reluBenchmark0.359375s_lemmas.json finished; status: OK


2025-02-24 11:50:30.864137: Result for ./examples/relu_benchmark/lemmas/proof_reluBenchmark0.359375s_lemmas.json: true


2025-02-24 11:50:30.864182: ==========

2025-02-24 11:50:38.938795: Proof ./examples/relu_benchmark/lemmas/proof_reluBenchmark0.479170084s_lemmas.json finished; status: OK


2025-02-24 11:50:38.938829: invalid check childreninvalid check childreninvalid check childreninvalid check childreninvalid check childrenResult for ./examples/relu_benchmark/lemmas/proof_reluBenchmark0.479170084s_lemmas.json: false


2025-02-24 11:50:38.938851: ==========

2025-02-24 11:50:39.344523: Proof ./examples/relu_benchmark/lemmas/proof_reluBenchmark0.15145778656s_lemmas.json finished; status: OK


2025-02-24 11:50:39.344553: Result for ./examples/relu_benchmark/lemmas/proof_reluBenchmark0.15145778656s_lemmas.json: true


2025-02-24 11:50:39.344574: ==========

2025-02-24 11:50:52.383584: Proof ./examples/relu_benchmark/lemmas/proof_reluBenchmark0.24204993248s_lemmas.json finished; status: OK


2025-02-24 11:50:52.383625: invalid check childreninvalid check childreninvalid check childrenResult for ./examples/relu_benchmark/lemmas/proof_reluBenchmark0.24204993248s_lemmas.json: false


2025-02-24 11:50:52.383658: ==========

2025-02-24 11:50:52.740343: Proof ./examples/relu_benchmark/lemmas/proof_reluBenchmark0.24551987648s_lemmas.json finished; status: OK


2025-02-24 11:50:52.740386: Result for ./examples/relu_benchmark/lemmas/proof_reluBenchmark0.24551987648s_lemmas.json: true


2025-02-24 11:50:52.740416: ==========
