
2025-02-24 12:08:28.064591: Proof ./examples/relu_benchmark/lemmas/proof_reluBenchmark0.19238615036s_lemmas.json finished; status: OK


2025-02-24 12:08:28.064673: invalid contradiction in leafinvalid check childreninvalid check childrenResult for ./examples/relu_benchmark/lemmas/proof_reluBenchmark0.19238615036s_lemmas.json: false


2025-02-24 12:08:28.064718: ==========

2025-02-24 12:08:28.496922: Proof ./examples/relu_benchmark/lemmas/proof_reluBenchmark0.05650806427s_lemmas.json finished; status: OK


2025-02-24 12:08:28.496995: Result for ./examples/relu_benchmark/lemmas/proof_reluBenchmark0.05650806427s_lemmas.json: true


2025-02-24 12:08:28.497032: ==========

2025-02-24 12:08:32.540233: Proof ./examples/relu_benchmark/lemmas/proof_reluBenchmark0.359375s_lemmas.json finished; status: OK


2025-02-24 12:08:32.540386: Result for ./examples/relu_benchmark/lemmas/proof_reluBenchmark0.359375s_lemmas.json: true


2025-02-24 12:08:32.540514: ==========

2025-02-24 12:08:41.518307: Proof ./examples/relu_benchmark/lemmas/proof_reluBenchmark0.479170084s_lemmas.json finished; status: OK


2025-02-24 12:08:41.518372: invalid contradiction in leafinvalid check childreninvalid check childreninvalid check childreninvalid check childreninvalid check childrenResult for ./examples/relu_benchmark/lemmas/proof_reluBenchmark0.479170084s_lemmas.json: false


2025-02-24 12:08:41.518426: ==========

2025-02-24 12:08:42.066828: Proof ./examples/relu_benchmark/lemmas/proof_reluBenchmark0.15145778656s_lemmas.json finished; status: OK


2025-02-24 12:08:42.066882: Result for ./examples/relu_benchmark/lemmas/proof_reluBenchmark0.15145778656s_lemmas.json: true


2025-02-24 12:08:42.066908: ==========

2025-02-24 12:08:56.440063: Proof ./examples/relu_benchmark/lemmas/proof_reluBenchmark0.24204993248s_lemmas.json finished; status: OK


2025-02-24 12:08:56.440125: invalid contradiction in leafinvalid check childreninvalid check childreninvalid check childrenResult for ./examples/relu_benchmark/lemmas/proof_reluBenchmark0.24204993248s_lemmas.json: false


2025-02-24 12:08:56.440164: ==========

2025-02-24 12:08:56.753715: Proof ./examples/relu_benchmark/lemmas/proof_reluBenchmark0.24551987648s_lemmas.json finished; status: OK


2025-02-24 12:08:56.753805: Result for ./examples/relu_benchmark/lemmas/proof_reluBenchmark0.24551987648s_lemmas.json: true


2025-02-24 12:08:56.753868: ==========
