
2025-02-24 11:21:06.292581: Proof ./examples/relu_benchmark/lemmas/proof_reluBenchmark0.19238615036s_lemmas.json finished; status: OK


2025-02-24 11:21:06.292689: File "/home/remi/source/imandra-marabou-proof-checking/_build/default/imandrax/split.iml", line 16, characters 4-17:
Warning 32 [unused-value-declaration]: unused value is_single_var.

File "/home/remi/source/imandra-marabou-proof-checking/_build/default/imandrax/split.iml", line 21, characters 4-11:
Warning 32 [unused-value-declaration]: unused value is_relu.

File "/home/remi/source/imandra-marabou-proof-checking/_build/default/imandrax/split.iml", line 26, characters 4-14:
Warning 32 [unused-value-declaration]: unused value is_invalid.
File "/home/remi/source/imandra-marabou-proof-checking/_build/default/imandrax/split.iml", line 16, characters 4-17:
Warning 32 [unused-value-declaration]: unused value is_single_var.

File "/home/remi/source/imandra-marabou-proof-checking/_build/default/imandrax/split.iml", line 21, characters 4-11:
Warning 32 [unused-value-declaration]: unused value is_relu.

File "/home/remi/source/imandra-marabou-proof-checking/_build/default/imandrax/split.iml", line 26, characters 4-14:
Warning 32 [unused-value-declaration]: unused value is_invalid.
Result for ./examples/relu_benchmark/lemmas/proof_reluBenchmark0.19238615036s_lemmas.json: false


2025-02-24 11:21:06.292722: ==========

2025-02-24 11:21:06.852468: Proof ./examples/relu_benchmark/lemmas/proof_reluBenchmark0.05650806427s_lemmas.json finished; status: OK


2025-02-24 11:21:06.852731: Result for ./examples/relu_benchmark/lemmas/proof_reluBenchmark0.05650806427s_lemmas.json: true


2025-02-24 11:21:06.852771: ==========

2025-02-24 11:21:10.942710: Proof ./examples/relu_benchmark/lemmas/proof_reluBenchmark0.359375s_lemmas.json finished; status: OK


2025-02-24 11:21:10.942791: Result for ./examples/relu_benchmark/lemmas/proof_reluBenchmark0.359375s_lemmas.json: true


2025-02-24 11:21:10.942848: ==========

2025-02-24 11:21:19.469489: Proof ./examples/relu_benchmark/lemmas/proof_reluBenchmark0.479170084s_lemmas.json finished; status: OK


2025-02-24 11:21:19.469613: Result for ./examples/relu_benchmark/lemmas/proof_reluBenchmark0.479170084s_lemmas.json: false


2025-02-24 11:21:19.469684: ==========

2025-02-24 11:21:19.836272: Proof ./examples/relu_benchmark/lemmas/proof_reluBenchmark0.15145778656s_lemmas.json finished; status: OK


2025-02-24 11:21:19.836300: Result for ./examples/relu_benchmark/lemmas/proof_reluBenchmark0.15145778656s_lemmas.json: true


2025-02-24 11:21:19.836349: ==========

2025-02-24 11:21:34.028990: Proof ./examples/relu_benchmark/lemmas/proof_reluBenchmark0.24204993248s_lemmas.json finished; status: OK


2025-02-24 11:21:34.029023: Result for ./examples/relu_benchmark/lemmas/proof_reluBenchmark0.24204993248s_lemmas.json: false


2025-02-24 11:21:34.029043: ==========

2025-02-24 11:21:34.328767: Proof ./examples/relu_benchmark/lemmas/proof_reluBenchmark0.24551987648s_lemmas.json finished; status: OK


2025-02-24 11:21:34.328795: Result for ./examples/relu_benchmark/lemmas/proof_reluBenchmark0.24551987648s_lemmas.json: true


2025-02-24 11:21:34.328814: ==========
