
2025-02-24 12:44:16.707769: Proof ./examples/relu_benchmark/lemmas/proof_reluBenchmark0.19238615036s_lemmas.json finished; status: OK


2025-02-24 12:44:16.707925: invalid lemma found
invalid lemma found
invalid lemma found
invalid contradiction in leafinvalid bound tighteninginvalid check childrenResult for ./examples/relu_benchmark/lemmas/proof_reluBenchmark0.19238615036s_lemmas.json: false


2025-02-24 12:44:16.707999: ==========

2025-02-24 12:44:17.144288: Proof ./examples/relu_benchmark/lemmas/proof_reluBenchmark0.05650806427s_lemmas.json finished; status: OK


2025-02-24 12:44:17.144341: Result for ./examples/relu_benchmark/lemmas/proof_reluBenchmark0.05650806427s_lemmas.json: true


2025-02-24 12:44:17.144380: ==========

2025-02-24 12:44:17.967949: Proof ./examples/relu_benchmark/lemmas/proof_reluBenchmark0.359375s_lemmas.json finished; status: OK


2025-02-24 12:44:17.967978: invalid lemma found
invalid lemma found
invalid check childrenResult for ./examples/relu_benchmark/lemmas/proof_reluBenchmark0.359375s_lemmas.json: false


2025-02-24 12:44:17.967997: ==========

2025-02-24 12:44:19.290678: Proof ./examples/relu_benchmark/lemmas/proof_reluBenchmark0.479170084s_lemmas.json finished; status: OK


2025-02-24 12:44:19.290717: invalid lemma found
invalid lemma found
invalid lemma found
invalid lemma found
invalid lemma found
invalid contradiction in leafinvalid check childreninvalid check childreninvalid check childreninvalid check childreninvalid bound tighteningResult for ./examples/relu_benchmark/lemmas/proof_reluBenchmark0.479170084s_lemmas.json: false


2025-02-24 12:44:19.290742: ==========

2025-02-24 12:44:19.722784: Proof ./examples/relu_benchmark/lemmas/proof_reluBenchmark0.15145778656s_lemmas.json finished; status: OK


2025-02-24 12:44:19.722819: Result for ./examples/relu_benchmark/lemmas/proof_reluBenchmark0.15145778656s_lemmas.json: true


2025-02-24 12:44:19.722837: ==========

2025-02-24 12:44:20.924933: Proof ./examples/relu_benchmark/lemmas/proof_reluBenchmark0.24204993248s_lemmas.json finished; status: OK


2025-02-24 12:44:20.924975: invalid lemma found
invalid lemma found
invalid lemma found
invalid lemma found
invalid lemma found
invalid contradiction in leafinvalid bound tighteninginvalid bound tighteninginvalid check childrenResult for ./examples/relu_benchmark/lemmas/proof_reluBenchmark0.24204993248s_lemmas.json: false


2025-02-24 12:44:20.925003: ==========

2025-02-24 12:44:21.236404: Proof ./examples/relu_benchmark/lemmas/proof_reluBenchmark0.24551987648s_lemmas.json finished; status: OK


2025-02-24 12:44:21.236431: Result for ./examples/relu_benchmark/lemmas/proof_reluBenchmark0.24551987648s_lemmas.json: true


2025-02-24 12:44:21.236483: ==========
