
2025-02-24 12:23:57.675220: Proof ./examples/relu_benchmark/lemmas/proof_reluBenchmark0.19238615036s_lemmas.json finished; status: OK


2025-02-24 12:23:57.675267: invalid lemma found
invalid lemma found
invalid lemma found
invalid contradiction in leafinvalid bound tighteninginvalid check childrenResult for ./examples/relu_benchmark/lemmas/proof_reluBenchmark0.19238615036s_lemmas.json: false


2025-02-24 12:23:57.675290: ==========

2025-02-24 12:23:58.155383: Proof ./examples/relu_benchmark/lemmas/proof_reluBenchmark0.05650806427s_lemmas.json finished; status: OK


2025-02-24 12:23:58.155412: Result for ./examples/relu_benchmark/lemmas/proof_reluBenchmark0.05650806427s_lemmas.json: true


2025-02-24 12:23:58.155432: ==========

2025-02-24 12:23:59.023776: Proof ./examples/relu_benchmark/lemmas/proof_reluBenchmark0.359375s_lemmas.json finished; status: OK


2025-02-24 12:23:59.023877: invalid lemma found
invalid lemma found
invalid check childrenResult for ./examples/relu_benchmark/lemmas/proof_reluBenchmark0.359375s_lemmas.json: false


2025-02-24 12:23:59.023930: ==========

2025-02-24 12:24:00.274709: Proof ./examples/relu_benchmark/lemmas/proof_reluBenchmark0.479170084s_lemmas.json finished; status: OK


2025-02-24 12:24:00.274756: invalid lemma found
invalid lemma found
invalid lemma found
invalid lemma found
invalid lemma found
invalid contradiction in leafinvalid check childreninvalid check childreninvalid check childreninvalid check childreninvalid bound tighteningResult for ./examples/relu_benchmark/lemmas/proof_reluBenchmark0.479170084s_lemmas.json: false


2025-02-24 12:24:00.274796: ==========

2025-02-24 12:24:00.678150: Proof ./examples/relu_benchmark/lemmas/proof_reluBenchmark0.15145778656s_lemmas.json finished; status: OK


2025-02-24 12:24:00.678214: Result for ./examples/relu_benchmark/lemmas/proof_reluBenchmark0.15145778656s_lemmas.json: true


2025-02-24 12:24:00.678256: ==========

2025-02-24 12:24:01.842426: Proof ./examples/relu_benchmark/lemmas/proof_reluBenchmark0.24204993248s_lemmas.json finished; status: OK


2025-02-24 12:24:01.842461: invalid lemma found
invalid lemma found
invalid lemma found
invalid lemma found
invalid lemma found
invalid contradiction in leafinvalid bound tighteninginvalid bound tighteninginvalid check childrenResult for ./examples/relu_benchmark/lemmas/proof_reluBenchmark0.24204993248s_lemmas.json: false


2025-02-24 12:24:01.842483: ==========

2025-02-24 12:24:02.147043: Proof ./examples/relu_benchmark/lemmas/proof_reluBenchmark0.24551987648s_lemmas.json finished; status: OK


2025-02-24 12:24:02.147155: Result for ./examples/relu_benchmark/lemmas/proof_reluBenchmark0.24551987648s_lemmas.json: true


2025-02-24 12:24:02.147244: ==========
